[2017.02.17-04.59.16:199][  0]Log file open, 02/16/17 22:59:16
[2017.02.17-04.59.16:200][  0]LogInit:Display: Running engine for game: Rubiks
[2017.02.17-04.59.16:200][  0]LogInit:Display: RandInit(-972972071) SRandInit(-972972071).
[2017.02.17-04.59.16:200][  0]LogTaskGraph: Started task graph with 4 named threads and 7 total threads.
[2017.02.17-04.59.16:200][  0]LogStats: Stats thread started
[2017.02.17-04.59.16:200][  0]LogInit: Version: 4.8.3-2634408+++depot+UE4-Releases+4.8
[2017.02.17-04.59.16:200][  0]LogInit: API Version: 2579680
[2017.02.17-04.59.16:200][  0]LogInit: Compiled (64-bit): Jul 27 2015 16:24:33
[2017.02.17-04.59.16:200][  0]LogInit: Compiled with Visual C++: 18.00.21005.01
[2017.02.17-04.59.16:200][  0]LogInit: Build Configuration: Development
[2017.02.17-04.59.16:200][  0]LogInit: Branch Name: ++depot+UE4-Releases+4.8
[2017.02.17-04.59.16:200][  0]LogInit: Command line: -EpicPortal 
[2017.02.17-04.59.16:200][  0]LogInit: Base directory: C:/Program Files/Epic Games/4.8/Engine/Binaries/Win64/
[2017.02.17-04.59.16:200][  0]LogInit: Rocket: 1
[2017.02.17-04.59.16:210][  0]LogInit: Using libcurl 7.41.0
[2017.02.17-04.59.16:210][  0]LogInit:  - built for x86_64-pc-win32
[2017.02.17-04.59.16:210][  0]LogInit:  - supports SSL with WinSSL
[2017.02.17-04.59.16:210][  0]LogInit:  - other features:
[2017.02.17-04.59.16:210][  0]LogInit:      CURL_VERSION_SSL
[2017.02.17-04.59.16:210][  0]LogInit:      CURL_VERSION_IPV6
[2017.02.17-04.59.16:210][  0]LogInit:      CURL_VERSION_ASYNCHDNS
[2017.02.17-04.59.16:210][  0]LogInit:      CURL_VERSION_LARGEFILE
[2017.02.17-04.59.16:210][  0]LogInit:      CURL_VERSION_IDN
[2017.02.17-04.59.16:210][  0]LogInit:  CurlRequestOptions (configurable via config and command line):
[2017.02.17-04.59.16:210][  0]LogInit:  - bVerifyPeer = true  - Libcurl will verify peer certificate
[2017.02.17-04.59.16:210][  0]LogInit:  - bUseHttpProxy = false  - Libcurl will NOT use HTTP proxy
[2017.02.17-04.59.16:210][  0]LogInit:  - bDontReuseConnections = false  - Libcurl will reuse connections
[2017.02.17-04.59.16:210][  0]LogInit:  - CertBundlePath = nullptr  - Libcurl will use whatever was configured at build time.
[2017.02.17-04.59.16:219][  0]LogOnline:Warning: No default platform service specified for OnlineSubsystem
[2017.02.17-04.59.16:229][  0]LogInit: Presizing for 0 objects not considered by GC, pre-allocating 0 bytes.
[2017.02.17-04.59.16:233][  0]LogInit: Object subsystem initialized
[2017.02.17-04.59.16:234][  0]LogConsoleResponse:Warning: Skipping Unknown console variable: 'TranslucentSortAxis = (X=0.000000,Y=-1.000000,Z=0.000000)'
[2017.02.17-04.59.16:234][  0]LogConsoleResponse:Warning:   Found in ini file 'X:/AlexP/Unreal Projects/Unreal-Rubiks/Rubiks/Saved/Config/Windows/Engine.ini', in section '[/Script/Engine.RendererSettings]'
[2017.02.17-04.59.16:234][  0]LogConsoleResponse:Warning: Skipping Unknown console variable: 'UIScaleRule = ShortestSide'
[2017.02.17-04.59.16:234][  0]LogConsoleResponse:Warning:   Found in ini file 'X:/AlexP/Unreal Projects/Unreal-Rubiks/Rubiks/Saved/Config/Windows/Engine.ini', in section '[/Script/Engine.RendererSettings]'
[2017.02.17-04.59.16:234][  0]LogConsoleResponse:Warning: Skipping Unknown console variable: 'UIScaleCurve = (EditorCurveData=(Keys=),ExternalCurve=None)'
[2017.02.17-04.59.16:234][  0]LogConsoleResponse:Warning:   Found in ini file 'X:/AlexP/Unreal Projects/Unreal-Rubiks/Rubiks/Saved/Config/Windows/Engine.ini', in section '[/Script/Engine.RendererSettings]'
[2017.02.17-04.59.16:234][  0]LogInit: Selected Device Profile: [Windows]
[2017.02.17-04.59.16:234][  0]LogInit: Applying CVar settings loaded from the selected device profile: [Windows]
[2017.02.17-04.59.16:255][  0]LogInit: Computer: ALEX
[2017.02.17-04.59.16:255][  0]LogInit: User: AlexP
[2017.02.17-04.59.16:255][  0]LogInit: CPU Page size=4096, Cores=4
[2017.02.17-04.59.16:255][  0]LogInit: High frequency timer resolution =3.984646 MHz
[2017.02.17-04.59.16:255][  0]LogMemory: Memory total: Physical=15.9GB (16GB approx)
[2017.02.17-04.59.16:255][  0]LogMemory: Platform Memory Stats for Windows
[2017.02.17-04.59.16:256][  0]LogMemory: Process Physical Memory: 50.02 MB used, 50.02 MB peak
[2017.02.17-04.59.16:256][  0]LogMemory: Process Virtual Memory: 24.76 MB used, 24.76 MB peak
[2017.02.17-04.59.16:256][  0]LogMemory: Physical Memory: 6308.58 MB used, 16325.80 MB total
[2017.02.17-04.59.16:256][  0]LogMemory: Virtual Memory: 317.19 MB used, 134217728.00 MB total
[2017.02.17-04.59.16:280][  0]LogTextLocalizationManager: The requested culture ('en_US') has no localization data; parent culture's ('en') localization data will be used.
[2017.02.17-04.59.16:416][  0]LogTextLocalizationManager:Warning: Loaded localization resources contain conflicting entries for (Namespace:ContentBrowser, Key:ImportAssetToolTip):
Localization Resource: (C:/Program Files/Epic Games/4.8/Engine/Content/Localization/Editor/en/Editor.locres) Source String Hash: (-630476809) Localized String: (Import to {0}...)
Localization Resource: (C:/Program Files/Epic Games/4.8/Engine/Content/Localization/Editor/en/Editor.locres) Source String Hash: (1271782899) Localized String: (Imports an asset from file to this folder.)
[2017.02.17-04.59.17:134][  0]LogD3D11RHI: Found D3D11 adapter 0: NVIDIA GeForce GTX 980 Ti (Feature Level 11_0)
[2017.02.17-04.59.17:134][  0]LogD3D11RHI: Adapter has 6102MB of dedicated video memory, 0MB of dedicated system memory, and 8162MB of shared system memory, 2 output[s]
[2017.02.17-04.59.17:135][  0]LogD3D11RHI: Found D3D11 adapter 1: Microsoft Basic Render Driver (Feature Level 11_0)
[2017.02.17-04.59.17:135][  0]LogD3D11RHI: Adapter has 0MB of dedicated video memory, 0MB of dedicated system memory, and 8162MB of shared system memory, 0 output[s]
[2017.02.17-04.59.17:135][  0]LogD3D11RHI: Chosen D3D11 Adapter Id = 0
[2017.02.17-04.59.17:139][  0]LogD3D11RHI: InitD3DDevice
[2017.02.17-04.59.17:139][  0]LogD3D11RHI: !Direct3DDevice
[2017.02.17-04.59.17:139][  0]LogRHI: Texture pool is 1361 MB (70% of 1945 MB)
[2017.02.17-04.59.17:540][  0]LogD3D11RHI: Async texture creation enabled
[2017.02.17-04.59.17:571][  0]LogShaderCompilers:Display: Using Local Shader Compiler.
[2017.02.17-04.59.18:060][  0]LogTemp:Display: Loaded TP DesktopTargetPlatform
[2017.02.17-04.59.18:071][  0]LogTemp:Display: Loaded TP WindowsClientTargetPlatform
[2017.02.17-04.59.18:081][  0]LogTemp:Display: Loaded TP WindowsNoEditorTargetPlatform
[2017.02.17-04.59.18:091][  0]LogTemp:Display: Loaded TP WindowsServerTargetPlatform
[2017.02.17-04.59.18:103][  0]LogTemp:Display: Loaded TP WindowsTargetPlatform
[2017.02.17-04.59.18:112][  0]LogTemp:Display: Loaded TP AndroidTargetPlatform
[2017.02.17-04.59.18:121][  0]LogTemp:Display: Loaded TP Android_ASTCTargetPlatform
[2017.02.17-04.59.18:129][  0]LogTemp:Display: Loaded TP Android_ATCTargetPlatform
[2017.02.17-04.59.18:138][  0]LogTemp:Display: Loaded TP Android_DXTTargetPlatform
[2017.02.17-04.59.18:147][  0]LogTemp:Display: Loaded TP Android_ETC1TargetPlatform
[2017.02.17-04.59.18:156][  0]LogTemp:Display: Loaded TP Android_ETC2TargetPlatform
[2017.02.17-04.59.18:165][  0]LogTemp:Display: Loaded TP Android_PVRTCTargetPlatform
[2017.02.17-04.59.18:202][  0]LogTemp:Display: Loaded TP IOSTargetPlatform
[2017.02.17-04.59.18:210][  0]LogTemp:Display: Loaded TP LinuxNoEditorTargetPlatform
[2017.02.17-04.59.18:219][  0]LogTemp:Display: Loaded TP LinuxServerTargetPlatform
[2017.02.17-04.59.18:229][  0]LogTemp:Display: Loaded TP LinuxTargetPlatform
[2017.02.17-04.59.18:229][  0]LogTargetPlatformManager:Display: Building Assets For Windows
[2017.02.17-04.59.18:381][  0]LogDerivedDataCache:Display: Max Cache Size: 512 MB
[2017.02.17-04.59.18:419][  0]LogDerivedDataCache: Loaded boot cache 0.04s 53MB C:/Users/AlexP/AppData/Local/UnrealEngine/4.8/DerivedDataCache/Boot.ddc.
[2017.02.17-04.59.18:419][  0]LogDerivedDataCache:Display: Loaded Boot cache: C:/Users/AlexP/AppData/Local/UnrealEngine/4.8/DerivedDataCache/Boot.ddc
[2017.02.17-04.59.18:419][  0]LogDerivedDataCache: FDerivedDataBackendGraph:  Pak pak cache file X:/AlexP/Unreal Projects/Unreal-Rubiks/Rubiks/DerivedDataCache/DDC.ddp not found, will not use a pak cache.
[2017.02.17-04.59.18:419][  0]LogDerivedDataCache: Unable to find inner node Pak for hierarchical cache Hierarchy.
[2017.02.17-04.59.18:419][  0]LogDerivedDataCache: FDerivedDataBackendGraph:  CompressedPak pak cache file X:/AlexP/Unreal Projects/Unreal-Rubiks/Rubiks/DerivedDataCache/Compressed.ddp not found, will not use a pak cache.
[2017.02.17-04.59.18:419][  0]LogDerivedDataCache: Unable to find inner node CompressedPak for hierarchical cache Hierarchy.
[2017.02.17-04.59.18:522][  0]LogDerivedDataCache:Display: Pak cache opened for reading ../../../Engine/DerivedDataCache/Compressed.ddp.
[2017.02.17-04.59.18:533][  0]LogDerivedDataCache: Using Local data cache path C:/Users/AlexP/AppData/Local/UnrealEngine/Common/DerivedDataCache: Writable
[2017.02.17-04.59.18:671][  0]LogInit: Selected Device Profile: [Windows]
[2017.02.17-04.59.18:725][  0]ImportText (ComponentSweepMultiTests): Missing closing parenthesis: (RootShapeAsset="/Engine/BasicShapes/Cube.Cube",ShapeType="TriggerCapsule",HitResult=(Time=0.50,Location=(X=-100.000015,Y=0.0,Z=100.000015),ImpactPoint=(X=-50.0,Y=0.0,Z=50.0),Normal=(X=-1.0,Y=-0.0,Z=0.0),ImpactNormal=(X=0.0,Y=0.0,Z=1.0),TraceStart=(X=-200.0,Y=0.0,Z=200.0),TraceEnd=(X=0.0,Y=0.0,Z=0.0))
[2017.02.17-04.59.18:725][  0]ImportText (LineTraceSingleByChannelTests): Missing closing parenthesis: (RootShapeAsset="/Engine/BasicShapes/Cube.Cube",HitResult=(Time=0.50,Location=(X=-100.000015,Y=0.0,Z=100.000015),ImpactPoint=(X=-50.0,Y=0.0,Z=50.0),Normal=(X=-1.0,Y=-0.0,Z=0.0),ImpactNormal=(X=0.0,Y=0.0,Z=1.0),TraceStart=(X=-200.0,Y=0.0,Z=200.0),TraceEnd=(X=0.0,Y=0.0,Z=0.0))
[2017.02.17-04.59.18:744][  0]LogMeshUtilities: No automatic mesh reduction module available
[2017.02.17-04.59.18:745][  0]LogMeshUtilities: No automatic mesh merging module available
[2017.02.17-04.59.18:950][  0]LogInit: WinSock: version 1.1 (2.2), MaxSocks=32767, MaxUdp=65467
[2017.02.17-04.59.19:572][  0]UdpMessaging: Initializing bridge on interface 0.0.0.0:0 to multicast group 230.0.0.1:6666.
[2017.02.17-04.59.19:837][  0]SourceControl: Info Source control is disabled
[2017.02.17-04.59.19:837][  0]SourceControl: Info Source control is disabled
[2017.02.17-04.59.19:845][  0]SourceControl: Info Source control is disabled
[2017.02.17-04.59.19:852][  0]SourceControl: Info Source control is disabled
[2017.02.17-04.59.20:002][  0]LogObj: 26273 objects as part of root set at end of initial load.
[2017.02.17-04.59.20:002][  0]LogUObjectAllocator: 5409248 out of 0 bytes used by permanent object pool.
[2017.02.17-04.59.20:055][  0]LogEngine: Initializing Engine...
[2017.02.17-04.59.20:056][  0]LogHMD: Can't find Oculus library dev build: is proper Runtime installed? Version: 0.6.0.0
[2017.02.17-04.59.20:057][  0]LogHMD:Warning: SteamVR failed to initialize.  Error: 110
[2017.02.17-04.59.20:157][  0]LogAIModule: Creating AISystem for world NewWorld
[2017.02.17-04.59.20:169][  0]LogInit: XAudio2 using 'Speakers (Realtek High Definition Audio)' : 6 channels at 48 kHz using 32 bits per sample (channel mask 0x3f)
[2017.02.17-04.59.20:178][  0]LogInit: FAudioDevice initialized.
[2017.02.17-04.59.20:199][  0]LogDerivedDataCache: Saved boot cache 0.02s 53MB C:/Users/AlexP/AppData/Local/UnrealEngine/4.8/DerivedDataCache/Boot.ddc.
[2017.02.17-04.59.20:204][  0]LogInit: Texture streaming: Disabled
[2017.02.17-04.59.20:221][  0]LogAnalytics: Creating configured Analytics provider AnalyticsET
[2017.02.17-04.59.20:221][  0]LogAnalytics: [UEEditor.Rocket.Release] APIServer = http://et2.epicgames.com/ET2/. AppVersion = 4.8.3-2634408+++depot+UE4-Releases+4.8
[2017.02.17-04.59.20:222][  0]LogAnalytics: [UEEditor.Rocket.Release] SetUserId d142d89d45630e10facd90a00124e400|81f51df3a83c4d4093fcb430eabdac27|a9f68bf6-b6c7-4576-91f3-4f64e0f2191f
[2017.02.17-04.59.20:222][  0]LogAnalytics: [UEEditor.Rocket.Release] AnalyticsET::StartSession
[2017.02.17-04.59.20:247][  0]LogInit: Transaction tracking system initialized
[2017.02.17-04.59.20:344][  0]BlueprintLog: New page: Editor Load
[2017.02.17-04.59.20:379][  0]LogAssetRegistry: FAssetRegistry took 0.0104 seconds to start up
[2017.02.17-04.59.20:379][  0]LogDirectoryWatcher:Warning: Failed to begin reading directory changes for ../../../Engine/Plugins/Experimental/CharacterAI/Content/. Error: 0
[2017.02.17-04.59.20:813][  0]LogLinker:Warning: Asset '../../../Engine/Content/Tutorial/Basics/FeaturePacks.uasset' has been saved with empty engine version. The asset will be loaded but may be incompatible.
[2017.02.17-04.59.20:902][  0]LogLinker:Warning: Asset '../../../Engine/Content/Tutorial/Mobile/SettingUpAndroidTutorial.uasset' has been saved with empty engine version. The asset will be loaded but may be incompatible.
[2017.02.17-04.59.20:946][  0]LogConsoleManager:Warning: Console variable 'r.VSync' wasn't set ('GameSetting' has a lower priority than 'SystemSettingsIni')
[2017.02.17-04.59.20:947][  0]LogConsoleResponse:Display: 
[2017.02.17-04.59.21:039][  0]LogCook:Display: Done creating registry. It took  0.00s.
[2017.02.17-04.59.21:151][  0]SourceControl: Info Source control is disabled
[2017.02.17-04.59.21:151][  0]Cmd: MAP LOAD FILE="../../../Engine/Content/Maps/Templates/Template_Default.umap" TEMPLATE=1 SHOWPROGRESS=1 FEATURELEVEL=3
[2017.02.17-04.59.21:151][  0]LightingResults: New page: Lighting Build
[2017.02.17-04.59.21:160][  0]MapCheck: New page: Map Check
[2017.02.17-04.59.21:160][  0]LightingResults: New page: Lighting Build
[2017.02.17-04.59.21:167][  0]LogParticles: Destroying 0 GPU particle simulations for FXSystem 0x0000028B536B9300
[2017.02.17-04.59.21:426][  0]LogAIModule: Creating AISystem for world Untitled_1
[2017.02.17-04.59.21:432][  0]LogEditorServer: Finished looking for orphan Actors (0.000 secs)
[2017.02.17-04.59.21:437][  0]Cmd: MAP CHECKDEP NOCLEARLOG
[2017.02.17-04.59.21:467][  0]MapCheck: Info Map check complete: 0 Error(s), 0 Warning(s), took 30.147ms to complete.
[2017.02.17-04.59.21:467][  0]LogFileHelpers: Loading map 'Template_Default' took 0.316
[2017.02.17-04.59.21:625][  0]LogCollectionManager: Loaded 0 collections in 0.001607 seconds
[2017.02.17-04.59.21:632][  0]LogContentBrowser: Native class hierarchy populated in 0.0064 seconds. Added 1792 classes and 301 folders.
[2017.02.17-04.59.21:683][  0]LogContentBrowser: Native class hierarchy updated for 'WidgetCarousel' in 0.0005 seconds. Added 0 classes and 0 folders.
[2017.02.17-04.59.21:799][  0]LogContentBrowser: Native class hierarchy updated for 'AddContentDialog' in 0.0006 seconds. Added 0 classes and 0 folders.
[2017.02.17-04.59.21:820][  0]LogContentBrowser: Native class hierarchy updated for 'SceneOutliner' in 0.0004 seconds. Added 1 classes and 2 folders.
[2017.02.17-04.59.21:896][  0]LogCrashTracker: Crashtracker disabled due to settings.
[2017.02.17-04.59.21:902][  0]LogD3D11RHI: InitD3DDevice
[2017.02.17-04.59.21:911][  0]LogUObjectGlobals:Warning: Failed to find object 'Class None.'
[2017.02.17-04.59.21:934][  0]LogLoad: Full Startup: 7.01 seconds (BP compile: 0.13 seconds)
[2017.02.17-04.59.21:955][  0]LogWindowsTextInputMethodSystem:Display: IME system now deactivated.
[2017.02.17-04.59.22:059][  0]LogContentStreaming: Texture pool size is 0.000000MB
[2017.02.17-04.59.22:074][  0]LogContentStreaming: Texture pool size now 1000 MB
[2017.02.17-04.59.22:202][  0]LogRenderer: Reallocating scene render targets to support 2176x840 (Frame:2).
[2017.02.17-04.59.22:400][  4]LogAssetRegistry: Asset discovery search completed in 2.0312 seconds
[2017.02.17-04.59.22:959][ 69]LogD3D11RHI: InitD3DDevice
[2017.02.17-04.59.26:125][445]LogD3D11RHI: InitD3DDevice
[2017.02.17-04.59.26:140][445]LogMaterial: Missing cached shader map for material M_ClearCoat, compiling. 
[2017.02.17-04.59.26:212][445]LogD3D11RHI: InitD3DDevice
[2017.02.17-04.59.26:239][445]LogMaterial: Missing cached shader map for material M_ClearCoat, compiling. 
[2017.02.17-04.59.26:243][445]LogMaterial: 0.000035 seconds spent updating 1 materials, 1 interfaces, 0 instances, 0 with static permutations.
[2017.02.17-04.59.26:266][445]LogMaterial: Missing cached shader map for material FMatExpressionPreview MaterialExpressionConstant3Vector_1, compiling. 
[2017.02.17-04.59.26:811][474]LogD3D11RHI: InitD3DDevice
[2017.02.17-04.59.27:361][517]MaterialEditorStats: Info Base pass shader with static lighting: 77 instructions
[2017.02.17-04.59.27:361][517]MaterialEditorStats: Info Base pass shader with only dynamic lighting: 49 instructions
[2017.02.17-04.59.27:361][517]MaterialEditorStats: Info Vertex shader: 31 instructions
[2017.02.17-04.59.27:361][517]MaterialEditorStats: Info Texture samplers: 2/16
[2017.02.17-04.59.30:646][880]LogD3D11RHI: InitD3DDevice
[2017.02.17-04.59.34:775][366]LogD3D11RHI: InitD3DDevice
[2017.02.17-04.59.34:941][366]LogUObjectGlobals:Warning: Guid is in use by ArrowComponent /Temp/Untitled_1.Untitled_1:PersistentLevel.LightSource.ArrowComponent0 and ArrowComponent /Game/Rubiks.Rubiks:PersistentLevel.LightSource.ArrowComponent0, which should never happen in the editor but could happen at runtime with duplicate level loading or PIE
[2017.02.17-04.59.34:941][366]LogUObjectGlobals:Warning: Guid is in use by ArrowComponent /Temp/Untitled_1.Untitled_1:PersistentLevel.PlayerStart.Arrow and ArrowComponent /Game/Rubiks.Rubiks:PersistentLevel.PlayerStart.Arrow, which should never happen in the editor but could happen at runtime with duplicate level loading or PIE
[2017.02.17-04.59.34:941][366]LogUObjectGlobals:Warning: Guid is in use by BillboardComponent /Temp/Untitled_1.Untitled_1:PersistentLevel.PlayerStart.Sprite and BillboardComponent /Game/Rubiks.Rubiks:PersistentLevel.PlayerStart.Sprite, which should never happen in the editor but could happen at runtime with duplicate level loading or PIE
[2017.02.17-04.59.34:941][366]LogUObjectGlobals:Warning: Guid is in use by BillboardComponent /Temp/Untitled_1.Untitled_1:PersistentLevel.PlayerStart.Sprite2 and BillboardComponent /Game/Rubiks.Rubiks:PersistentLevel.PlayerStart.Sprite2, which should never happen in the editor but could happen at runtime with duplicate level loading or PIE
[2017.02.17-04.59.34:941][366]LogUObjectGlobals:Warning: Guid is in use by BillboardComponent /Temp/Untitled_1.Untitled_1:PersistentLevel.SkyLight_1.Sprite and BillboardComponent /Game/Rubiks.Rubiks:PersistentLevel.SkyLight_1.Sprite, which should never happen in the editor but could happen at runtime with duplicate level loading or PIE
[2017.02.17-04.59.34:941][366]LogUObjectGlobals:Warning: Guid is in use by CapsuleComponent /Temp/Untitled_1.Untitled_1:PersistentLevel.PlayerStart.CollisionCapsule and CapsuleComponent /Game/Rubiks.Rubiks:PersistentLevel.PlayerStart.CollisionCapsule, which should never happen in the editor but could happen at runtime with duplicate level loading or PIE
[2017.02.17-04.59.34:942][366]LogUObjectGlobals:Warning: Guid is in use by DirectionalLightComponent /Temp/Untitled_1.Untitled_1:PersistentLevel.LightSource.LightComponent0 and DirectionalLightComponent /Game/Rubiks.Rubiks:PersistentLevel.LightSource.LightComponent0, which should never happen in the editor but could happen at runtime with duplicate level loading or PIE
[2017.02.17-04.59.34:943][366]LogUObjectGlobals:Warning: Guid is in use by SkyLightComponent /Temp/Untitled_1.Untitled_1:PersistentLevel.SkyLight_1.SkyLightComponent0 and SkyLightComponent /Game/Rubiks.Rubiks:PersistentLevel.SkyLight_1.SkyLightComponent0, which should never happen in the editor but could happen at runtime with duplicate level loading or PIE
[2017.02.17-04.59.34:988][366]LogAIModule: Creating AISystem for world Rubiks
[2017.02.17-04.59.35:021][366]Cmd: MAP LOAD FILE="X:/AlexP/Unreal Projects/Unreal-Rubiks/Rubiks/Content/Rubiks.umap" TEMPLATE=0 SHOWPROGRESS=1 FEATURELEVEL=3
[2017.02.17-04.59.35:021][366]LightingResults: New page: Lighting Build
[2017.02.17-04.59.35:032][366]LoadErrors: New page: Loading map: Rubiks.umap
[2017.02.17-04.59.35:032][366]MapCheck: New page: Map Check
[2017.02.17-04.59.35:032][366]LightingResults: New page: Lighting Build
[2017.02.17-04.59.35:040][366]LogParticles: Destroying 0 GPU particle simulations for FXSystem 0x0000028B4B24B880
[2017.02.17-04.59.35:254][366]LogAIModule: Creating AISystem for world Rubiks
[2017.02.17-04.59.35:262][366]LogEditorServer: Finished looking for orphan Actors (0.000 secs)
[2017.02.17-04.59.35:291][366]Cmd: MAP CHECKDEP NOCLEARLOG
[2017.02.17-04.59.35:321][366]MapCheck: Info Map check complete: 0 Error(s), 0 Warning(s), took 29.925ms to complete.
[2017.02.17-04.59.35:321][366]LogFileHelpers: Loading map 'Rubiks' took 0.301
[2017.02.17-04.59.40:474][936]LogEditorViewport: Clicking on Actor (LMB): StaticMeshActor (Cube7)
[2017.02.17-04.59.44:874][446]LogD3D11RHI: InitD3DDevice
[2017.02.17-04.59.44:913][446]Cmd: OBJ SAVEPACKAGE PACKAGE="/Game/Rubiks" FILE="X:/AlexP/Unreal Projects/Unreal-Rubiks/Rubiks/Content/Rubiks.umap" SILENT=true AUTOSAVING=false KEEPDIRTY=false
[2017.02.17-04.59.44:970][446]LogSavePackage: Save=41.218216ms
[2017.02.17-04.59.44:970][446]LogSavePackage: Moving 'X:/AlexP/Unreal Projects/Unreal-Rubiks/Rubiks/Saved/Rubiks954183D2478B39F0DA3EC58E83E3D0F0.tmp' to 'X:/AlexP/Unreal Projects/Unreal-Rubiks/Rubiks/Content/Rubiks.umap'
[2017.02.17-04.59.44:989][446]LogFileHelpers: Saving map 'Rubiks' took 0.107
[2017.02.17-04.59.46:892][653]LogWindowsTextInputMethodSystem:Display: IME system now deactivated.
[2017.02.17-04.59.47:332][654]Cmd: QUIT_EDITOR
[2017.02.17-04.59.47:529][654]LogExit: Preparing to exit.
[2017.02.17-04.59.48:679][654]LogExit: Editor shut down
[2017.02.17-04.59.48:680][654]LogExit: Transaction tracking system shut down
[2017.02.17-04.59.48:681][654]LogParticles: Destroying 0 GPU particle simulations for FXSystem 0x0000028B4ACA13A0
[2017.02.17-04.59.48:681][654]LogParticles: Destroying 0 GPU particle simulations for FXSystem 0x0000028B651AD8A0
[2017.02.17-04.59.48:681][654]LogParticles: Destroying 0 GPU particle simulations for FXSystem 0x0000028B652AD120
[2017.02.17-04.59.48:691][654]LogParticles: Destroying 0 GPU particle simulations for FXSystem 0x0000028B68A87A60
[2017.02.17-04.59.48:691][654]LogParticles: Destroying 0 GPU particle simulations for FXSystem 0x0000028B4ACA1C60
[2017.02.17-04.59.48:774][654]LogExit: Object subsystem successfully closed.
[2017.02.17-04.59.48:780][654]LogD3D11RHI: Shutdown
[2017.02.17-04.59.48:780][654]LogD3D11RHI: CleanupD3DDevice
[2017.02.17-04.59.48:826][654]LogD3D11RHI: ~FD3D11DynamicRHI
[2017.02.17-04.59.48:837][654]LogModuleManager: Shutting down and abandoning module MaterialEditor (189)
[2017.02.17-04.59.48:837][654]LogModuleManager: Shutting down and abandoning module CrashTracker (188)
[2017.02.17-04.59.48:837][654]LogModuleManager: Shutting down and abandoning module SceneOutliner (187)
[2017.02.17-04.59.48:837][654]LogModuleManager: Shutting down and abandoning module SuperSearch (186)
[2017.02.17-04.59.48:837][654]LogModuleManager: Shutting down and abandoning module WidgetCarousel (185)
[2017.02.17-04.59.48:837][654]LogModuleManager: Shutting down and abandoning module AddContentDialog (184)
[2017.02.17-04.59.48:839][654]LogModuleManager: Shutting down and abandoning module EditorWidgets (183)
[2017.02.17-04.59.48:839][654]LogModuleManager: Shutting down and abandoning module CollectionManager (182)
[2017.02.17-04.59.48:839][654]LogModuleManager: Shutting down and abandoning module StatsViewer (181)
[2017.02.17-04.59.48:839][654]LogModuleManager: Shutting down and abandoning module FoliageEdit (180)
[2017.02.17-04.59.48:839][654]LogModuleManager: Shutting down and abandoning module LandscapeEditor (179)
[2017.02.17-04.59.48:839][654]LogModuleManager: Shutting down and abandoning module ActorPickerMode (178)
[2017.02.17-04.59.48:839][654]LogModuleManager: Shutting down and abandoning module GeometryMode (177)
[2017.02.17-04.59.48:839][654]LogModuleManager: Shutting down and abandoning module TextureAlignMode (176)
[2017.02.17-04.59.48:839][654]LogModuleManager: Shutting down and abandoning module BspMode (175)
[2017.02.17-04.59.48:839][654]LogModuleManager: Shutting down and abandoning module PlacementMode (174)
[2017.02.17-04.59.48:839][654]LogModuleManager: Shutting down and abandoning module AutomationWorker (173)
[2017.02.17-04.59.48:839][654]LogModuleManager: Shutting down and abandoning module CharacterAI (172)
[2017.02.17-04.59.48:839][654]LogModuleManager: Shutting down and abandoning module SmartSnapping (171)
[2017.02.17-04.59.48:839][654]LogModuleManager: Shutting down and abandoning module ViewportSnapping (170)
[2017.02.17-04.59.48:839][654]LogModuleManager: Shutting down and abandoning module LogVisualizer (169)
[2017.02.17-04.59.48:839][654]LogModuleManager: Shutting down and abandoning module GameProjectGeneration (168)
[2017.02.17-04.59.48:839][654]LogModuleManager: Shutting down and abandoning module IntroTutorials (167)
[2017.02.17-04.59.48:839][654]LogModuleManager: Shutting down and abandoning module EditorLiveStreaming (166)
[2017.02.17-04.59.48:839][654]LogModuleManager: Shutting down and abandoning module IOSPlatformEditor (165)
[2017.02.17-04.59.48:839][654]LogModuleManager: Shutting down and abandoning module HTML5PlatformEditor (164)
[2017.02.17-04.59.48:839][654]LogModuleManager: Shutting down and abandoning module AndroidDeviceDetection (163)
[2017.02.17-04.59.49:729][654]LogModuleManager: Shutting down and abandoning module AndroidPlatformEditor (162)
[2017.02.17-04.59.49:729][654]LogModuleManager: Shutting down and abandoning module IOSRuntimeSettings (161)
[2017.02.17-04.59.49:729][654]LogModuleManager: Shutting down and abandoning module AndroidRuntimeSettings (160)
[2017.02.17-04.59.49:729][654]LogModuleManager: Shutting down and abandoning module MergeActors (159)
[2017.02.17-04.59.49:729][654]LogModuleManager: Shutting down and abandoning module SizeMap (158)
[2017.02.17-04.59.49:729][654]LogModuleManager: Shutting down and abandoning module TreeMap (157)
[2017.02.17-04.59.49:729][654]LogModuleManager: Shutting down and abandoning module ReferenceViewer (156)
[2017.02.17-04.59.49:729][654]LogModuleManager: Shutting down and abandoning module LocalizationDashboard (155)
[2017.02.17-04.59.49:729][654]LogModuleManager: Shutting down and abandoning module HardwareTargeting (154)
[2017.02.17-04.59.49:729][654]LogModuleManager: Shutting down and abandoning module DeviceProfileEditor (153)
[2017.02.17-04.59.49:729][654]LogModuleManager: Shutting down and abandoning module UndoHistory (152)
[2017.02.17-04.59.49:729][654]LogModuleManager: Shutting down and abandoning module GameplayTagsEditor (151)
[2017.02.17-04.59.49:729][654]LogModuleManager: Shutting down and abandoning module UserFeedback (150)
[2017.02.17-04.59.49:729][654]LogModuleManager: Shutting down and abandoning module XmlParser (149)
[2017.02.17-04.59.49:729][654]LogModuleManager: Shutting down and abandoning module Blutility (148)
[2017.02.17-04.59.49:729][654]LogModuleManager: Shutting down and abandoning module ProjectTargetPlatformEditor (147)
[2017.02.17-04.59.49:729][654]LogModuleManager: Shutting down and abandoning module ProjectSettingsViewer (146)
[2017.02.17-04.59.49:729][654]LogModuleManager: Shutting down and abandoning module InputBindingEditor (145)
[2017.02.17-04.59.49:730][654]LogModuleManager: Shutting down and abandoning module EditorSettingsViewer (144)
[2017.02.17-04.59.49:730][654]LogModuleManager: Shutting down and abandoning module SettingsEditor (143)
[2017.02.17-04.59.49:730][654]LogModuleManager: Shutting down and abandoning module ProjectLauncher (142)
[2017.02.17-04.59.49:730][654]LogModuleManager: Shutting down and abandoning module SessionFrontend (141)
[2017.02.17-04.59.49:730][654]LogModuleManager: Shutting down and abandoning module ProfilerClient (140)
[2017.02.17-04.59.49:730][654]LogModuleManager: Shutting down and abandoning module TargetDeviceServices (139)
[2017.02.17-04.59.49:730][654]LogModuleManager: Shutting down and abandoning module DeviceManager (138)
[2017.02.17-04.59.49:730][654]LogModuleManager: Shutting down and abandoning module AutomationController (137)
[2017.02.17-04.59.49:730][654]LogModuleManager: Shutting down and abandoning module AutomationWindow (136)
[2017.02.17-04.59.49:730][654]LogModuleManager: Shutting down and abandoning module Layers (135)
[2017.02.17-04.59.49:730][654]LogModuleManager: Shutting down and abandoning module ComponentVisualizers (134)
[2017.02.17-04.59.49:730][654]LogModuleManager: Shutting down and abandoning module DetailCustomizations (133)
[2017.02.17-04.59.49:730][654]LogModuleManager: Shutting down and abandoning module PackagesDialog (132)
[2017.02.17-04.59.49:731][654]LogModuleManager: Shutting down and abandoning module AssetRegistry (131)
[2017.02.17-04.59.49:776][654]LogModuleManager: Shutting down and abandoning module Persona (130)
[2017.02.17-04.59.49:776][654]LogModuleManager: Shutting down and abandoning module Kismet (129)
[2017.02.17-04.59.49:776][654]LogModuleManager: Shutting down and abandoning module GraphEditor (128)
[2017.02.17-04.59.49:776][654]LogModuleManager: Shutting down and abandoning module ClassViewer (127)
[2017.02.17-04.59.49:776][654]LogModuleManager: Shutting down and abandoning module Toolbox (126)
[2017.02.17-04.59.49:776][654]LogModuleManager: Shutting down and abandoning module ModuleUI (125)
[2017.02.17-04.59.49:776][654]LogModuleManager: Shutting down and abandoning module MovieSceneTools (124)
[2017.02.17-04.59.49:776][654]LogModuleManager: Shutting down and abandoning module OutputLog (123)
[2017.02.17-04.59.49:776][654]LogModuleManager: Shutting down and abandoning module GammaUI (122)
[2017.02.17-04.59.49:776][654]LogModuleManager: Shutting down and abandoning module Documentation (121)
[2017.02.17-04.59.49:776][654]LogModuleManager: Shutting down and abandoning module GameLiveStreaming (120)
[2017.02.17-04.59.49:776][654]LogModuleManager: Shutting down and abandoning module StreamingPauseRendering (119)
[2017.02.17-04.59.49:776][654]LogModuleManager: Shutting down and abandoning module AnalyticsET (118)
[2017.02.17-04.59.49:776][654]LogModuleManager: Shutting down and abandoning module Analytics (117)
[2017.02.17-04.59.49:776][654]LogModuleManager: Shutting down and abandoning module AITestSuite (116)
[2017.02.17-04.59.49:776][654]LogModuleManager: Shutting down and abandoning module GameplayDebugger (115)
[2017.02.17-04.59.49:776][654]LogModuleManager: Shutting down and abandoning module AIModule (114)
[2017.02.17-04.59.49:776][654]LogModuleManager: Shutting down and abandoning module ProfilerService (113)
[2017.02.17-04.59.49:804][654]LogModuleManager: Shutting down and abandoning module TaskGraph (112)
[2017.02.17-04.59.49:804][654]LogModuleManager: Shutting down and abandoning module SlateRemote (111)
[2017.02.17-04.59.49:804][654]LogModuleManager: Shutting down and abandoning module SteamVRController (110)
[2017.02.17-04.59.49:804][654]LogModuleManager: Shutting down and abandoning module SteamVR (109)
[2017.02.17-04.59.49:804][654]LogModuleManager: Shutting down and abandoning module ProceduralMeshComponent (108)
[2017.02.17-04.59.49:804][654]LogModuleManager: Shutting down and abandoning module OculusRift (107)
[2017.02.17-04.59.49:804][654]LogModuleManager: Shutting down and abandoning module LeapMotionController (106)
[2017.02.17-04.59.49:824][654]LogModuleManager: Shutting down and abandoning module CustomMeshComponent (105)
[2017.02.17-04.59.49:824][654]LogModuleManager: Shutting down and abandoning module CableComponent (104)
[2017.02.17-04.59.49:824][654]LogModuleManager: Shutting down and abandoning module MessagingDebugger (103)
[2017.02.17-04.59.49:824][654]LogModuleManager: Shutting down and abandoning module MediaPlayerEditor (102)
[2017.02.17-04.59.49:824][654]LogModuleManager: Shutting down and abandoning module SpeedTreeImporter (101)
[2017.02.17-04.59.49:824][654]LogModuleManager: Shutting down and abandoning module PluginBrowser (100)
[2017.02.17-04.59.49:824][654]LogModuleManager: Shutting down and abandoning module EpicSurvey (99)
[2017.02.17-04.59.49:826][654]LogModuleManager: Shutting down and abandoning module DesktopPlatform (98)
[2017.02.17-04.59.49:826][654]LogModuleManager: Shutting down and abandoning module VisualStudioSourceCodeAccess (97)
[2017.02.17-04.59.49:826][654]LogModuleManager: Shutting down and abandoning module UObjectPlugin (96)
[2017.02.17-04.59.49:826][654]LogModuleManager: Shutting down and abandoning module SubversionSourceControl (95)
[2017.02.17-04.59.49:826][654]LogModuleManager: Shutting down and abandoning module PerforceSourceControl (94)
[2017.02.17-04.59.49:826][654]LogModuleManager: Shutting down and abandoning module SourceControl (93)
[2017.02.17-04.59.49:826][654]LogModuleManager: Shutting down and abandoning module GitSourceControl (92)
[2017.02.17-04.59.49:826][654]LogModuleManager: Shutting down and abandoning module BlankPlugin (91)
[2017.02.17-04.59.49:826][654]LogModuleManager: Shutting down and abandoning module PaperTiledImporter (90)
[2017.02.17-04.59.49:826][654]LogModuleManager: Shutting down and abandoning module PaperSpriteSheetImporter (89)
[2017.02.17-04.59.49:826][654]LogModuleManager: Shutting down and abandoning module MeshPaint (88)
[2017.02.17-04.59.49:826][654]LogModuleManager: Shutting down and abandoning module SlateReflector (87)
[2017.02.17-04.59.49:826][654]LogModuleManager: Shutting down and abandoning module DirectoryWatcher (86)
[2017.02.17-04.59.49:827][654]LogModuleManager: Shutting down and abandoning module HotReload (85)
[2017.02.17-04.59.49:827][654]LogModuleManager: Shutting down and abandoning module MainFrame (84)
[2017.02.17-04.59.49:827][654]LogModuleManager: Shutting down and abandoning module LevelEditor (83)
[2017.02.17-04.59.49:828][654]LogModuleManager: Shutting down and abandoning module ContentBrowser (82)
[2017.02.17-04.59.49:829][654]LogModuleManager: Shutting down and abandoning module Paper2DEditor (81)
[2017.02.17-04.59.49:829][654]LogModuleManager: Shutting down and abandoning module UdpMessaging (80)
[2017.02.17-04.59.49:930][654]LogModuleManager: Shutting down and abandoning module Paper2D (79)
[2017.02.17-04.59.49:930][654]LogModuleManager: Shutting down and abandoning module WindowsMoviePlayer (78)
[2017.02.17-04.59.49:930][654]LogModuleManager: Shutting down and abandoning module Media (77)
[2017.02.17-04.59.49:930][654]LogModuleManager: Shutting down and abandoning module WmfMedia (76)
[2017.02.17-04.59.49:930][654]LogModuleManager: Shutting down and abandoning module OnlineBlueprintSupport (75)
[2017.02.17-04.59.49:930][654]LogModuleManager: Shutting down and abandoning module PropertyEditor (74)
[2017.02.17-04.59.49:930][654]LogModuleManager: Shutting down and abandoning module BehaviorTreeEditor (73)
[2017.02.17-04.59.49:930][654]LogModuleManager: Shutting down and abandoning module FunctionalTesting (72)
[2017.02.17-04.59.49:930][654]LogModuleManager: Shutting down and abandoning module CollisionAnalyzer (71)
[2017.02.17-04.59.49:930][654]LogModuleManager: Shutting down and abandoning module WorkspaceMenuStructure (70)
[2017.02.17-04.59.49:930][654]LogModuleManager: Shutting down and abandoning module MessageLog (69)
[2017.02.17-04.59.49:930][654]LogModuleManager: Shutting down and abandoning module Sequencer (68)
[2017.02.17-04.59.49:930][654]LogModuleManager: Shutting down and abandoning module AssetTools (67)
[2017.02.17-04.59.49:930][654]LogModuleManager: Shutting down and abandoning module UMGEditor (66)
[2017.02.17-04.59.49:930][654]LogModuleManager: Shutting down and abandoning module UMG (65)
[2017.02.17-04.59.49:930][654]LogModuleManager: Shutting down and abandoning module Slate (64)
[2017.02.17-04.59.49:930][654]LogModuleManager: Shutting down and abandoning module EditorStyle (63)
[2017.02.17-04.59.49:935][654]LogModuleManager: Shutting down and abandoning module SessionServices (62)
[2017.02.17-04.59.49:935][654]LogModuleManager: Shutting down and abandoning module SourceCodeAccess (61)
[2017.02.17-04.59.49:935][654]LogModuleManager: Shutting down and abandoning module HeadMountedDisplay (60)
[2017.02.17-04.59.49:935][654]LogModuleManager: Shutting down and abandoning module XAudio2 (59)
[2017.02.17-04.59.49:935][654]LogModuleManager: Shutting down and abandoning module Networking (57)
[2017.02.17-04.59.49:935][654]LogModuleManager: Shutting down and abandoning module Core (56)
[2017.02.17-04.59.49:935][654]LogModuleManager: Shutting down and abandoning module KismetCompiler (55)
[2017.02.17-04.59.49:935][654]LogModuleManager: Shutting down and abandoning module PhysXFormats (54)
[2017.02.17-04.59.49:935][654]LogModuleManager: Shutting down and abandoning module MeshUtilities (53)
[2017.02.17-04.59.49:935][654]LogModuleManager: Shutting down and abandoning module DerivedDataCache (52)
[2017.02.17-04.59.50:041][654]LogDerivedDataCache: Shutdown
[2017.02.17-04.59.50:041][654]LogModuleManager: Shutting down and abandoning module ShaderFormatOpenGL (51)
[2017.02.17-04.59.50:041][654]LogModuleManager: Shutting down and abandoning module ShaderFormatD3D (50)
[2017.02.17-04.59.50:041][654]LogModuleManager: Shutting down and abandoning module MetalShaderFormat (49)
[2017.02.17-04.59.50:041][654]LogModuleManager: Shutting down and abandoning module TextureFormatUncompressed (48)
[2017.02.17-04.59.50:041][654]LogModuleManager: Shutting down and abandoning module TextureFormatPVR (47)
[2017.02.17-04.59.50:041][654]LogModuleManager: Shutting down and abandoning module TextureFormatIntelISPCTexComp (46)
[2017.02.17-04.59.50:041][654]LogModuleManager: Shutting down and abandoning module TextureFormatDXT (45)
[2017.02.17-04.59.50:041][654]LogModuleManager: Shutting down and abandoning module ImageWrapper (44)
[2017.02.17-04.59.50:041][654]LogModuleManager: Shutting down and abandoning module TextureFormatASTC (43)
[2017.02.17-04.59.50:041][654]LogModuleManager: Shutting down and abandoning module TextureFormatAndroid (42)
[2017.02.17-04.59.50:041][654]LogModuleManager: Shutting down and abandoning module AudioFormatOpus (41)
[2017.02.17-04.59.50:041][654]LogModuleManager: Shutting down and abandoning module AudioFormatOgg (40)
[2017.02.17-04.59.50:041][654]LogModuleManager: Shutting down and abandoning module AudioFormatADPCM (39)
[2017.02.17-04.59.50:041][654]LogModuleManager: Shutting down and abandoning module LinuxTargetPlatform (38)
[2017.02.17-04.59.50:041][654]LogModuleManager: Shutting down and abandoning module LinuxServerTargetPlatform (37)
[2017.02.17-04.59.50:041][654]LogModuleManager: Shutting down and abandoning module LinuxNoEditorTargetPlatform (36)
[2017.02.17-04.59.50:041][654]LogModuleManager: Shutting down and abandoning module Messaging (35)
[2017.02.17-04.59.50:041][654]LogModuleManager: Shutting down and abandoning module IOSTargetPlatform (34)
[2017.02.17-04.59.50:041][654]LogModuleManager: Shutting down and abandoning module HTML5TargetPlatform (33)
[2017.02.17-04.59.50:041][654]LogModuleManager: Shutting down and abandoning module Android_PVRTCTargetPlatform (32)
[2017.02.17-04.59.50:041][654]LogModuleManager: Shutting down and abandoning module Android_ETC2TargetPlatform (31)
[2017.02.17-04.59.50:041][654]LogModuleManager: Shutting down and abandoning module Android_ETC1TargetPlatform (30)
[2017.02.17-04.59.50:041][654]LogModuleManager: Shutting down and abandoning module Android_DXTTargetPlatform (29)
[2017.02.17-04.59.50:042][654]LogModuleManager: Shutting down and abandoning module Android_ATCTargetPlatform (28)
[2017.02.17-04.59.50:042][654]LogModuleManager: Shutting down and abandoning module Android_ASTCTargetPlatform (27)
[2017.02.17-04.59.50:042][654]LogModuleManager: Shutting down and abandoning module AndroidTargetPlatform (26)
[2017.02.17-04.59.50:042][654]LogModuleManager: Shutting down and abandoning module WindowsTargetPlatform (25)
[2017.02.17-04.59.50:042][654]LogModuleManager: Shutting down and abandoning module WindowsServerTargetPlatform (24)
[2017.02.17-04.59.50:042][654]LogModuleManager: Shutting down and abandoning module WindowsNoEditorTargetPlatform (23)
[2017.02.17-04.59.50:042][654]LogModuleManager: Shutting down and abandoning module WindowsClientTargetPlatform (22)
[2017.02.17-04.59.50:042][654]LogModuleManager: Shutting down and abandoning module DesktopTargetPlatform (21)
[2017.02.17-04.59.50:042][654]LogModuleManager: Shutting down and abandoning module TargetPlatform (20)
[2017.02.17-04.59.50:042][654]LogModuleManager: Shutting down and abandoning module InputCore (19)
[2017.02.17-04.59.50:042][654]LogModuleManager: Shutting down and abandoning module Settings (18)
[2017.02.17-04.59.50:042][654]LogModuleManager: Shutting down and abandoning module OnlineSubsystem (16)
[2017.02.17-04.59.50:042][654]LogModuleManager: Shutting down and abandoning module HTTP (15)
[2017.02.17-04.59.50:043][654]LogModuleManager: Shutting down and abandoning module ExampleDeviceProfileSelector (14)
[2017.02.17-04.59.50:043][654]LogModuleManager: Shutting down and abandoning module TextureCompressor (13)
[2017.02.17-04.59.50:043][654]LogModuleManager: Shutting down and abandoning module ShaderCore (12)
[2017.02.17-04.59.50:043][654]LogModuleManager: Shutting down and abandoning module Landscape (11)
[2017.02.17-04.59.50:043][654]LogModuleManager: Shutting down and abandoning module SlateRHIRenderer (10)
[2017.02.17-04.59.50:045][654]LogModuleManager: Shutting down and abandoning module OpenGLDrv (9)
[2017.02.17-04.59.50:045][654]LogModuleManager: Shutting down and abandoning module D3D11RHI (8)
[2017.02.17-04.59.50:045][654]LogModuleManager: Shutting down and abandoning module Renderer (7)
[2017.02.17-04.59.50:045][654]LogModuleManager: Shutting down and abandoning module Engine (6)
[2017.02.17-04.59.50:045][654]LogModuleManager: Shutting down and abandoning module CoreUObject (5)
[2017.02.17-04.59.50:045][654]LogModuleManager: Shutting down and abandoning module NetworkFile (4)
[2017.02.17-04.59.50:045][654]LogModuleManager: Shutting down and abandoning module StreamingFile (3)
[2017.02.17-04.59.50:045][654]LogModuleManager: Shutting down and abandoning module SandboxFile (2)
[2017.02.17-04.59.50:045][654]LogModuleManager: Shutting down and abandoning module PakFile (1)
[2017.02.17-04.59.50:046][654]LogExit: Exiting.
[2017.02.17-04.59.50:081][654]Log file closed, 02/16/17 22:59:50
